<?xml version="1.0" encoding="UTF-8" ?>
<testsuite tests="6" failures="0" name="idealistaTest.test.TestEjecutarCucumberTest" time="7.265" errors="0" skipped="0">
  <properties>
[...]
</properties>
  <testcase classname="Given the user gets in on the webpage &quot;http://www.idealista.es&quot;   " name="Given the user gets in on the webpage &quot;http://www.idealista.es&quot;   " time="0.001"/>
  <testcase classname="When I press the button with text &quot;pon tu anuncio gratis&quot;    " name="When I press the button with text &quot;pon tu anuncio gratis&quot;    " time="0"/>
  <testcase classname="Then I must see the button with text &quot;vale, tengo las fotos, vamos allá »&quot;     " name="Then I must see the button with text &quot;vale, tengo las fotos, vamos allá »&quot;     " time="0"/>
  <testcase classname="Given the user press the button with text &quot;vale, tengo las fotos, vamos allá »&quot;      " name="Given the user press the button with text &quot;vale, tengo las fotos, vamos allá »&quot;      " time="0"/>
  <testcase classname="Then I must see the button with Id &quot;doLogin&quot;       " name="Then I must see the button with Id &quot;doLogin&quot;       " time="0"/>
  <testcase classname="Scenario: Enter on Idealista  " name="Scenario: Enter on Idealista  " time="0.097"/>
</testsuite>